<?xml version="1.0" encoding="UTF-8"?>
<testsuite name="hello.TestGreeter" tests="2" skipped="0" failures="0" errors="0" timestamp="2019-04-26T14:58:29" hostname="Sarahs-Surface" time="0.004">
  <properties/>
  <testcase name="testGreeter" classname="hello.TestGreeter" time="0.003"/>
  <testcase name="testGreeterEmpty" classname="hello.TestGreeter" time="0.0"/>
  <system-out><![CDATA[]]></system-out>
  <system-err><![CDATA[]]></system-err>
</testsuite>
