<?xml version="1.0" encoding="UTF-8"?>
<testsuite name="hello.TestGreeter" tests="3" skipped="0" failures="0" errors="0" timestamp="2019-04-11T23:03:18" hostname="cs-215795.local" time="0.011">
  <properties/>
  <testcase name="testGreeter" classname="hello.TestGreeter" time="0.007"/>
  <testcase name="newtestRKGreeterPass" classname="hello.TestGreeter" time="0.001"/>
  <testcase name="testGreeterEmpty" classname="hello.TestGreeter" time="0.001"/>
  <system-out><![CDATA[]]></system-out>
  <system-err><![CDATA[]]></system-err>
</testsuite>
