<?xml version="1.0" encoding="UTF-8"?>
<testsuite name="hello.TestGreeter" tests="4" skipped="0" failures="0" errors="0" timestamp="2019-04-18T22:59:20" hostname="cs-215795.local" time="0.005">
  <properties/>
  <testcase name="testGreeter" classname="hello.TestGreeter" time="0.002"/>
  <testcase name="newtestRKGreeterPass" classname="hello.TestGreeter" time="0.0"/>
  <testcase name="testGreeterEmpty" classname="hello.TestGreeter" time="0.001"/>
  <testcase name="newtestRKGreeterPassBool" classname="hello.TestGreeter" time="0.001"/>
  <system-out><![CDATA[]]></system-out>
  <system-err><![CDATA[]]></system-err>
</testsuite>
