<?xml version="1.0" encoding="UTF-8"?>
<testsuite name="hello.TestGreeter" tests="3" skipped="0" failures="0" errors="0" timestamp="2019-04-27T05:20:10" hostname="Talons-Macbook" time="0.016">
  <properties/>
  <testcase name="testGreeter()" classname="hello.TestGreeter" time="0.012"/>
  <testcase name="testGreeterEmpty()" classname="hello.TestGreeter" time="0.0"/>
  <testcase name="newtestTSGreeterPass()" classname="hello.TestGreeter" time="0.001"/>
  <system-out><![CDATA[]]></system-out>
  <system-err><![CDATA[]]></system-err>
</testsuite>
